<?xml version="1.0" encoding="UTF-8"?>
<!-- Generated by org.testng.reporters.JUnitXMLReporter -->
<testsuite ignored="0" hostname="Sathish" failures="0" tests="10" name="Default test" time="90.805" errors="0" timestamp="2022-01-18T15:12:10 IST">
  <testcase classname="com.mindtree.runner.CarSavaariRunner" name="pageValidation" time="0.723"/>
  <testcase classname="com.mindtree.runner.CarSavaariRunner" name="signin" time="13.141"/>
  <testcase classname="com.mindtree.runner.CarSavaariRunner" name="TravelAgent" time="6.659"/>
  <testcase classname="com.mindtree.runner.CarSavaariRunner" name="outStation" time="13.073"/>
  <testcase classname="com.mindtree.runner.CarSavaariRunner" name="trip" time="8.511"/>
  <testcase classname="com.mindtree.runner.CarSavaariRunner" name="Local" time="5.784"/>
  <testcase classname="com.mindtree.runner.CarSavaariRunner" name="instgram1" time="6.305"/>
  <testcase classname="com.mindtree.runner.CarSavaariRunner" name="CarRental" time="20.999"/>
  <testcase classname="com.mindtree.runner.CarSavaariRunner" name="instgram" time="6.285"/>
  <testcase classname="com.mindtree.runner.CarSavaariRunner" name="signOuts" time="1.377"/>
</testsuite> <!-- Default test -->
