<?xml version="1.0" encoding="UTF-8"?>
<testng-results ignored="0" total="10" passed="10" failed="0" skipped="0">
  <reporter-output>
  </reporter-output>
  <suite started-at="2022-01-18T15:10:40 IST" name="Default suite" finished-at="2022-01-18T15:12:10 IST" duration-ms="90805">
    <groups>
    </groups>
    <test started-at="2022-01-18T15:10:40 IST" name="Default test" finished-at="2022-01-18T15:12:10 IST" duration-ms="90805">
      <class name="com.mindtree.runner.CarSavaariRunner">
        <test-method is-config="true" signature="intializeDriver()[pri:0, instance:com.mindtree.runner.CarSavaariRunner@f001896]" started-at="2022-01-18T15:10:40 IST" name="intializeDriver" finished-at="2022-01-18T15:10:47 IST" duration-ms="7589" status="PASS">
          <reporter-output>
          </reporter-output>
        </test-method> <!-- intializeDriver -->
        <test-method signature="pageValidation(java.lang.String)[pri:1, instance:com.mindtree.runner.CarSavaariRunner@f001896]" started-at="2022-01-18T15:10:47 IST" name="pageValidation" data-provider="getTitle" finished-at="2022-01-18T15:10:48 IST" duration-ms="723" status="PASS">
          <params>
            <param index="0">
              <value>
                <![CDATA[Book Outstation Cabs, Local & Airport Taxi Service - India's Leading Car Rentals]]>
              </value>
            </param>
          </params>
          <reporter-output>
          </reporter-output>
        </test-method> <!-- pageValidation -->
        <test-method signature="signin(java.lang.String,java.lang.String)[pri:2, instance:com.mindtree.runner.CarSavaariRunner@f001896]" started-at="2022-01-18T15:10:48 IST" name="signin" data-provider="signin" finished-at="2022-01-18T15:11:01 IST" duration-ms="13141" status="PASS">
          <params>
            <param index="0">
              <value>
                <![CDATA[msathishkumar109@gmail.com]]>
              </value>
            </param>
            <param index="1">
              <value>
                <![CDATA[Sathish@2705]]>
              </value>
            </param>
          </params>
          <reporter-output>
          </reporter-output>
        </test-method> <!-- signin -->
        <test-method signature="TravelAgent()[pri:3, instance:com.mindtree.runner.CarSavaariRunner@f001896]" started-at="2022-01-18T15:11:01 IST" name="TravelAgent" finished-at="2022-01-18T15:11:08 IST" duration-ms="6659" status="PASS">
          <reporter-output>
          </reporter-output>
        </test-method> <!-- TravelAgent -->
        <test-method signature="outStation(java.lang.String,java.lang.String)[pri:4, instance:com.mindtree.runner.CarSavaariRunner@f001896]" started-at="2022-01-18T15:11:08 IST" name="outStation" data-provider="outstation" finished-at="2022-01-18T15:11:21 IST" duration-ms="13073" status="PASS">
          <params>
            <param index="0">
              <value>
                <![CDATA[Bangalore]]>
              </value>
            </param>
            <param index="1">
              <value>
                <![CDATA[Mysore]]>
              </value>
            </param>
          </params>
          <reporter-output>
          </reporter-output>
        </test-method> <!-- outStation -->
        <test-method signature="trip()[pri:5, instance:com.mindtree.runner.CarSavaariRunner@f001896]" started-at="2022-01-18T15:11:21 IST" name="trip" finished-at="2022-01-18T15:11:29 IST" duration-ms="8511" status="PASS">
          <reporter-output>
          </reporter-output>
        </test-method> <!-- trip -->
        <test-method signature="Local()[pri:6, instance:com.mindtree.runner.CarSavaariRunner@f001896]" started-at="2022-01-18T15:11:29 IST" name="Local" finished-at="2022-01-18T15:11:35 IST" duration-ms="5784" status="PASS">
          <reporter-output>
          </reporter-output>
        </test-method> <!-- Local -->
        <test-method signature="instgram1()[pri:7, instance:com.mindtree.runner.CarSavaariRunner@f001896]" started-at="2022-01-18T15:11:35 IST" name="instgram1" finished-at="2022-01-18T15:11:41 IST" duration-ms="6305" status="PASS">
          <reporter-output>
          </reporter-output>
        </test-method> <!-- instgram1 -->
        <test-method signature="CarRental(java.lang.String,java.lang.String,java.lang.String,java.lang.String)[pri:8, instance:com.mindtree.runner.CarSavaariRunner@f001896]" started-at="2022-01-18T15:11:41 IST" name="CarRental" data-provider="getData3" finished-at="2022-01-18T15:12:02 IST" duration-ms="20999" status="PASS">
          <params>
            <param index="0">
              <value>
                <![CDATA[Sathish M]]>
              </value>
            </param>
            <param index="1">
              <value>
                <![CDATA[mindtree]]>
              </value>
            </param>
            <param index="2">
              <value>
                <![CDATA[msathishkumar109@gmail.com]]>
              </value>
            </param>
            <param index="3">
              <value>
                <![CDATA[9.066103594E9]]>
              </value>
            </param>
          </params>
          <reporter-output>
          </reporter-output>
        </test-method> <!-- CarRental -->
        <test-method signature="instgram()[pri:9, instance:com.mindtree.runner.CarSavaariRunner@f001896]" started-at="2022-01-18T15:12:02 IST" name="instgram" finished-at="2022-01-18T15:12:09 IST" duration-ms="6285" status="PASS">
          <reporter-output>
          </reporter-output>
        </test-method> <!-- instgram -->
        <test-method signature="signOuts()[pri:9, instance:com.mindtree.runner.CarSavaariRunner@f001896]" started-at="2022-01-18T15:12:09 IST" name="signOuts" finished-at="2022-01-18T15:12:10 IST" duration-ms="1377" status="PASS">
          <reporter-output>
          </reporter-output>
        </test-method> <!-- signOuts -->
        <test-method is-config="true" signature="closeInstance()[pri:0, instance:com.mindtree.runner.CarSavaariRunner@f001896]" started-at="2022-01-18T15:12:10 IST" name="closeInstance" finished-at="2022-01-18T15:12:10 IST" duration-ms="271" status="PASS">
          <reporter-output>
          </reporter-output>
        </test-method> <!-- closeInstance -->
      </class> <!-- com.mindtree.runner.CarSavaariRunner -->
    </test> <!-- Default test -->
  </suite> <!-- Default suite -->
</testng-results>
